Library/Bee/Android/Prj/IL2CPP/Gradle/unityLibrary/build/intermediates/manifest_merge_blame_file/release/manifest-merger-blame-release-report.txt
1<?xml version="1.0" encoding="utf-8"?>
2<manifest xmlns:android="http://schemas.android.com/apk/res/android"
3    xmlns:tools="http://schemas.android.com/tools"
4    package="com.unity3d.player"
5    android:installLocation="auto" >
6
7    <uses-sdk
8        android:minSdkVersion="29"
8-->src\main\AndroidManifest.xml
9        android:targetSdkVersion="32" />
9-->src\main\AndroidManifest.xml
10
11    <uses-permission android:name="android.permission.WRITE_EXTERNAL_STORAGE" />
11-->src\main\AndroidManifest.xml:3:3-79
11-->src\main\AndroidManifest.xml:3:20-76
12    <uses-permission android:name="android.permission.READ_EXTERNAL_STORAGE" />
12-->src\main\AndroidManifest.xml:4:3-78
12-->src\main\AndroidManifest.xml:4:20-75
13    <uses-permission android:name="android.permission.INTERNET" />
13-->src\main\AndroidManifest.xml:5:3-65
13-->src\main\AndroidManifest.xml:5:20-62
14    <uses-permission android:name="android.permission.CAMERA" />
14-->src\main\AndroidManifest.xml:6:3-63
14-->src\main\AndroidManifest.xml:6:20-60
15
16    <uses-feature
16-->src\main\AndroidManifest.xml:7:3-111
17        android:name="android.hardware.vr.headtracking"
17-->src\main\AndroidManifest.xml:7:17-64
18        android:required="true"
18-->src\main\AndroidManifest.xml:7:85-108
19        android:version="1" />
19-->src\main\AndroidManifest.xml:7:65-84
20    <uses-feature android:glEsVersion="0x00030000" />
20-->src\main\AndroidManifest.xml:8:3-52
20-->src\main\AndroidManifest.xml:8:17-49
21    <uses-feature
21-->src\main\AndroidManifest.xml:9:3-91
22        android:name="android.hardware.vulkan.version"
22-->src\main\AndroidManifest.xml:9:17-63
23        android:required="false" />
23-->src\main\AndroidManifest.xml:9:64-88
24    <uses-feature
24-->src\main\AndroidManifest.xml:10:3-83
25        android:name="android.hardware.camera"
25-->src\main\AndroidManifest.xml:10:17-55
26        android:required="false" />
26-->src\main\AndroidManifest.xml:10:56-80
27    <uses-feature
27-->src\main\AndroidManifest.xml:11:3-93
28        android:name="android.hardware.camera.autofocus"
28-->src\main\AndroidManifest.xml:11:17-65
29        android:required="false" />
29-->src\main\AndroidManifest.xml:11:66-90
30    <uses-feature
30-->src\main\AndroidManifest.xml:12:3-89
31        android:name="android.hardware.camera.front"
31-->src\main\AndroidManifest.xml:12:17-61
32        android:required="false" />
32-->src\main\AndroidManifest.xml:12:62-86
33    <uses-feature
33-->src\main\AndroidManifest.xml:13:3-88
34        android:name="android.hardware.touchscreen"
34-->src\main\AndroidManifest.xml:13:17-60
35        android:required="false" />
35-->src\main\AndroidManifest.xml:13:61-85
36    <uses-feature
36-->src\main\AndroidManifest.xml:14:3-99
37        android:name="android.hardware.touchscreen.multitouch"
37-->src\main\AndroidManifest.xml:14:17-71
38        android:required="false" />
38-->src\main\AndroidManifest.xml:14:72-96
39    <uses-feature
39-->src\main\AndroidManifest.xml:15:3-108
40        android:name="android.hardware.touchscreen.multitouch.distinct"
40-->src\main\AndroidManifest.xml:15:17-80
41        android:required="false" />
41-->src\main\AndroidManifest.xml:15:81-105
42
43    <uses-permission android:name="com.oculus.permission.USE_ANCHOR_API" />
43-->src\main\AndroidManifest.xml:40:3-74
43-->src\main\AndroidManifest.xml:40:20-71
44
45    <uses-feature
45-->src\main\AndroidManifest.xml:41:3-89
46        android:name="com.oculus.feature.PASSTHROUGH"
46-->src\main\AndroidManifest.xml:41:17-62
47        android:required="true" />
47-->src\main\AndroidManifest.xml:41:63-86
48    <uses-feature
48-->src\main\AndroidManifest.xml:42:3-93
49        android:name="com.oculus.software.body_tracking"
49-->src\main\AndroidManifest.xml:42:17-65
50        android:required="false" />
50-->src\main\AndroidManifest.xml:42:66-90
51
52    <uses-permission android:name="com.oculus.permission.BODY_TRACKING" />
52-->src\main\AndroidManifest.xml:43:3-73
52-->src\main\AndroidManifest.xml:43:20-70
53
54    <uses-feature
54-->src\main\AndroidManifest.xml:44:3-89
55        android:name="oculus.software.face_tracking"
55-->src\main\AndroidManifest.xml:44:17-61
56        android:required="false" />
56-->src\main\AndroidManifest.xml:44:62-86
57
58    <uses-permission android:name="com.oculus.permission.FACE_TRACKING" />
58-->src\main\AndroidManifest.xml:45:3-73
58-->src\main\AndroidManifest.xml:45:20-70
59    <uses-permission android:name="android.permission.RECORD_AUDIO" />
59-->src\main\AndroidManifest.xml:46:3-69
59-->src\main\AndroidManifest.xml:46:20-66
60
61    <uses-feature
61-->src\main\AndroidManifest.xml:47:3-88
62        android:name="oculus.software.eye_tracking"
62-->src\main\AndroidManifest.xml:47:17-60
63        android:required="false" />
63-->src\main\AndroidManifest.xml:47:61-85
64
65    <uses-permission android:name="com.oculus.permission.EYE_TRACKING" />
65-->src\main\AndroidManifest.xml:48:3-72
65-->src\main\AndroidManifest.xml:48:20-69
66    <uses-permission android:name="com.oculus.permission.USE_SCENE" />
66-->src\main\AndroidManifest.xml:49:3-69
66-->src\main\AndroidManifest.xml:49:20-66
67
68    <application
68-->src\main\AndroidManifest.xml:16:3-39:17
69        android:allowBackup="false"
69-->src\main\AndroidManifest.xml:16:81-108
70        android:extractNativeLibs="true"
70-->src\main\AndroidManifest.xml:16:153-185
71        android:icon="@mipmap/app_icon"
71-->src\main\AndroidManifest.xml:16:49-80
72        android:label="@string/app_name"
72-->src\main\AndroidManifest.xml:16:16-48
73        android:networkSecurityConfig="@xml/network_sec_config"
73-->src\main\AndroidManifest.xml:16:186-241
74        android:requestLegacyExternalStorage="true" >
74-->src\main\AndroidManifest.xml:16:109-152
75        <meta-data
75-->src\main\AndroidManifest.xml:17:5-89
76            android:name="unityplayer.SkipPermissionsDialog"
76-->src\main\AndroidManifest.xml:17:16-64
77            android:value="false" />
77-->src\main\AndroidManifest.xml:17:65-86
78        <meta-data
78-->src\main\AndroidManifest.xml:18:5-97
79            android:name="com.samsung.android.vr.application.mode"
79-->src\main\AndroidManifest.xml:18:16-70
80            android:value="vr_only" />
80-->src\main\AndroidManifest.xml:18:71-94
81        <meta-data
81-->src\main\AndroidManifest.xml:19:5-86
82            android:name="com.oculus.ossplash.background"
82-->src\main\AndroidManifest.xml:19:16-61
83            android:value="black" />
83-->src\main\AndroidManifest.xml:19:62-83
84        <meta-data
84-->src\main\AndroidManifest.xml:20:5-100
85            android:name="com.oculus.supportedDevices"
85-->src\main\AndroidManifest.xml:20:16-58
86            android:value="quest2|questpro|eureka" />
86-->src\main\AndroidManifest.xml:20:59-97
87        <meta-data
87-->src\main\AndroidManifest.xml:21:5-69
88            android:name="unity.splash-mode"
88-->src\main\AndroidManifest.xml:21:16-48
89            android:value="0" />
89-->src\main\AndroidManifest.xml:21:49-66
90        <meta-data
90-->src\main\AndroidManifest.xml:22:5-74
91            android:name="unity.splash-enable"
91-->src\main\AndroidManifest.xml:22:16-50
92            android:value="True" />
92-->src\main\AndroidManifest.xml:22:51-71
93        <meta-data
93-->src\main\AndroidManifest.xml:23:5-78
94            android:name="unity.launch-fullscreen"
94-->src\main\AndroidManifest.xml:23:16-54
95            android:value="True" />
95-->src\main\AndroidManifest.xml:23:55-75
96        <meta-data
96-->src\main\AndroidManifest.xml:24:5-84
97            android:name="unity.allow-resizable-window"
97-->src\main\AndroidManifest.xml:24:16-59
98            android:value="False" />
98-->src\main\AndroidManifest.xml:24:60-81
99        <meta-data
99-->src\main\AndroidManifest.xml:25:5-81
100            android:name="notch.config"
100-->src\main\AndroidManifest.xml:25:16-43
101            android:value="portrait|landscape" />
101-->src\main\AndroidManifest.xml:25:44-78
102        <meta-data
102-->src\main\AndroidManifest.xml:26:5-84
103            android:name="unity.auto-report-fully-drawn"
103-->src\main\AndroidManifest.xml:26:16-60
104            android:value="true" />
104-->src\main\AndroidManifest.xml:26:61-81
105
106        <activity
106-->src\main\AndroidManifest.xml:27:5-35:16
107            android:name="com.unity3d.player.UnityPlayerActivity"
107-->src\main\AndroidManifest.xml:27:222-275
108            android:configChanges="keyboard|keyboardHidden|navigation|orientation|screenLayout|screenSize|uiMode|density"
108-->src\main\AndroidManifest.xml:27:80-189
109            android:excludeFromRecents="true"
109-->src\main\AndroidManifest.xml:27:276-309
110            android:exported="true"
110-->src\main\AndroidManifest.xml:27:310-333
111            android:hardwareAccelerated="false"
111-->src\main\AndroidManifest.xml:27:407-442
112            android:launchMode="singleTask"
112-->src\main\AndroidManifest.xml:27:190-221
113            android:resizeableActivity="false"
113-->src\main\AndroidManifest.xml:27:372-406
114            android:screenOrientation="landscape"
114-->src\main\AndroidManifest.xml:27:334-371
115            android:theme="@android:style/Theme.Black.NoTitleBar.Fullscreen" >
115-->src\main\AndroidManifest.xml:27:15-79
116            <intent-filter>
116-->src\main\AndroidManifest.xml:28:7-32:23
117                <category android:name="android.intent.category.LAUNCHER" />
117-->src\main\AndroidManifest.xml:29:9-69
117-->src\main\AndroidManifest.xml:29:19-66
118                <category android:name="com.oculus.intent.category.VR" />
118-->src\main\AndroidManifest.xml:30:9-66
118-->src\main\AndroidManifest.xml:30:19-63
119
120                <action android:name="android.intent.action.MAIN" />
120-->src\main\AndroidManifest.xml:31:9-61
120-->src\main\AndroidManifest.xml:31:17-58
121            </intent-filter>
122
123            <meta-data
123-->src\main\AndroidManifest.xml:33:7-81
124                android:name="com.oculus.vr.focusaware"
124-->src\main\AndroidManifest.xml:33:18-57
125                android:value="true" />
125-->src\main\AndroidManifest.xml:33:58-78
126            <meta-data
126-->src\main\AndroidManifest.xml:34:7-70
127                android:name="notch_support"
127-->src\main\AndroidManifest.xml:34:18-46
128                android:value="true" />
128-->src\main\AndroidManifest.xml:34:47-67
129        </activity>
130
131        <meta-data
131-->src\main\AndroidManifest.xml:36:5-91
132            android:name="com.unity.xr.oculus.LowOverheadMode"
132-->src\main\AndroidManifest.xml:36:16-66
133            android:value="false" />
133-->src\main\AndroidManifest.xml:36:67-88
134        <meta-data
134-->src\main\AndroidManifest.xml:37:5-88
135            android:name="com.unity.xr.oculus.LateLatching"
135-->src\main\AndroidManifest.xml:37:16-63
136            android:value="false" />
136-->src\main\AndroidManifest.xml:37:64-85
137        <meta-data
137-->src\main\AndroidManifest.xml:38:5-93
138            android:name="com.unity.xr.oculus.LateLatchingDebug"
138-->src\main\AndroidManifest.xml:38:16-68
139            android:value="false" />
139-->src\main\AndroidManifest.xml:38:69-90
140    </application>
141
142</manifest>